<?xml version="1.0" encoding="UTF-8"?>
<testsuite name="com.awards.GoldenRaspberryAwardsFileTests" tests="1" skipped="0" failures="0" errors="0" timestamp="2022-11-23T00:36:59" hostname="EST-DESENV19" time="0.459">
  <properties/>
  <testcase name="awardFileTest()" classname="com.awards.GoldenRaspberryAwardsFileTests" time="0.459"/>
  <system-out><![CDATA[21:36:53.357 [Test worker] DEBUG org.springframework.test.context.BootstrapUtils - Instantiating CacheAwareContextLoaderDelegate from class [org.springframework.test.context.cache.DefaultCacheAwareContextLoaderDelegate]
21:36:53.371 [Test worker] DEBUG org.springframework.test.context.BootstrapUtils - Instantiating BootstrapContext using constructor [public org.springframework.test.context.support.DefaultBootstrapContext(java.lang.Class,org.springframework.test.context.CacheAwareContextLoaderDelegate)]
21:36:53.411 [Test worker] DEBUG org.springframework.test.context.BootstrapUtils - Instantiating TestContextBootstrapper for test class [com.awards.GoldenRaspberryAwardsFileTests] from class [org.springframework.boot.test.context.SpringBootTestContextBootstrapper]
21:36:53.419 [Test worker] INFO org.springframework.boot.test.context.SpringBootTestContextBootstrapper - Neither @ContextConfiguration nor @ContextHierarchy found for test class [com.awards.GoldenRaspberryAwardsFileTests], using SpringBootContextLoader
21:36:53.422 [Test worker] DEBUG org.springframework.test.context.support.AbstractContextLoader - Did not detect default resource location for test class [com.awards.GoldenRaspberryAwardsFileTests]: class path resource [com/awards/GoldenRaspberryAwardsFileTests-context.xml] does not exist
21:36:53.423 [Test worker] DEBUG org.springframework.test.context.support.AbstractContextLoader - Did not detect default resource location for test class [com.awards.GoldenRaspberryAwardsFileTests]: class path resource [com/awards/GoldenRaspberryAwardsFileTestsContext.groovy] does not exist
21:36:53.423 [Test worker] INFO org.springframework.test.context.support.AbstractContextLoader - Could not detect default resource locations for test class [com.awards.GoldenRaspberryAwardsFileTests]: no resource found for suffixes {-context.xml, Context.groovy}.
21:36:53.423 [Test worker] INFO org.springframework.test.context.support.AnnotationConfigContextLoaderUtils - Could not detect default configuration classes for test class [com.awards.GoldenRaspberryAwardsFileTests]: GoldenRaspberryAwardsFileTests does not declare any static, non-private, non-final, nested classes annotated with @Configuration.
21:36:53.468 [Test worker] DEBUG org.springframework.test.context.support.ActiveProfilesUtils - Could not find an 'annotation declaring class' for annotation type [org.springframework.test.context.ActiveProfiles] and class [com.awards.GoldenRaspberryAwardsFileTests]
21:36:53.563 [Test worker] DEBUG org.springframework.context.annotation.ClassPathScanningCandidateComponentProvider - Identified candidate component class: file [C:\Users\osiel.melo\Documents\GitHub\golden_awards_restful\build\classes\java\main\com\awards\GoldenRaspberryAwardsApplication.class]
21:36:53.564 [Test worker] INFO org.springframework.boot.test.context.SpringBootTestContextBootstrapper - Found @SpringBootConfiguration com.awards.GoldenRaspberryAwardsApplication for test class com.awards.GoldenRaspberryAwardsFileTests
21:36:53.702 [Test worker] DEBUG org.springframework.boot.test.context.SpringBootTestContextBootstrapper - @TestExecutionListeners is not present for class [com.awards.GoldenRaspberryAwardsFileTests]: using defaults.
21:36:53.703 [Test worker] INFO org.springframework.boot.test.context.SpringBootTestContextBootstrapper - Loaded default TestExecutionListener class names from location [META-INF/spring.factories]: [org.springframework.boot.test.autoconfigure.restdocs.RestDocsTestExecutionListener, org.springframework.boot.test.autoconfigure.web.client.MockRestServiceServerResetTestExecutionListener, org.springframework.boot.test.autoconfigure.web.servlet.MockMvcPrintOnlyOnFailureTestExecutionListener, org.springframework.boot.test.autoconfigure.web.servlet.WebDriverTestExecutionListener, org.springframework.boot.test.autoconfigure.webservices.client.MockWebServiceServerTestExecutionListener, org.springframework.boot.test.mock.mockito.MockitoTestExecutionListener, org.springframework.boot.test.mock.mockito.ResetMocksTestExecutionListener, org.springframework.test.context.web.ServletTestExecutionListener, org.springframework.test.context.support.DirtiesContextBeforeModesTestExecutionListener, org.springframework.test.context.event.ApplicationEventsTestExecutionListener, org.springframework.test.context.support.DependencyInjectionTestExecutionListener, org.springframework.test.context.support.DirtiesContextTestExecutionListener, org.springframework.test.context.transaction.TransactionalTestExecutionListener, org.springframework.test.context.jdbc.SqlScriptsTestExecutionListener, org.springframework.test.context.event.EventPublishingTestExecutionListener]
21:36:53.727 [Test worker] INFO org.springframework.boot.test.context.SpringBootTestContextBootstrapper - Using TestExecutionListeners: [org.springframework.test.context.web.ServletTestExecutionListener@6326d182, org.springframework.test.context.support.DirtiesContextBeforeModesTestExecutionListener@5241cf67, org.springframework.test.context.event.ApplicationEventsTestExecutionListener@716a7124, org.springframework.boot.test.mock.mockito.MockitoTestExecutionListener@77192705, org.springframework.boot.test.autoconfigure.SpringBootDependencyInjectionTestExecutionListener@226642a5, org.springframework.test.context.support.DirtiesContextTestExecutionListener@7e809b79, org.springframework.test.context.transaction.TransactionalTestExecutionListener@5cc126dc, org.springframework.test.context.jdbc.SqlScriptsTestExecutionListener@625e134e, org.springframework.test.context.event.EventPublishingTestExecutionListener@72bd06ca, org.springframework.boot.test.autoconfigure.restdocs.RestDocsTestExecutionListener@89c10b7, org.springframework.boot.test.autoconfigure.web.client.MockRestServiceServerResetTestExecutionListener@5dbe30be, org.springframework.boot.test.autoconfigure.web.servlet.MockMvcPrintOnlyOnFailureTestExecutionListener@4fe89c24, org.springframework.boot.test.autoconfigure.web.servlet.WebDriverTestExecutionListener@55795845, org.springframework.boot.test.autoconfigure.webservices.client.MockWebServiceServerTestExecutionListener@3d08f3f5, org.springframework.boot.test.mock.mockito.ResetMocksTestExecutionListener@119f1f2a]
21:36:53.733 [Test worker] DEBUG org.springframework.test.context.support.AbstractDirtiesContextTestExecutionListener - Before test class: context [DefaultTestContext@78aea4b9 testClass = GoldenRaspberryAwardsFileTests, testInstance = [null], testMethod = [null], testException = [null], mergedContextConfiguration = [WebMergedContextConfiguration@2a65bb85 testClass = GoldenRaspberryAwardsFileTests, locations = '{}', classes = '{class com.awards.GoldenRaspberryAwardsApplication}', contextInitializerClasses = '[]', activeProfiles = '{}', propertySourceLocations = '{}', propertySourceProperties = '{org.springframework.boot.test.context.SpringBootTestContextBootstrapper=true}', contextCustomizers = set[org.springframework.boot.test.autoconfigure.actuate.metrics.MetricsExportContextCustomizerFactory$DisableMetricExportContextCustomizer@79179359, org.springframework.boot.test.autoconfigure.properties.PropertyMappingContextCustomizer@0, org.springframework.boot.test.autoconfigure.web.servlet.WebDriverContextCustomizerFactory$Customizer@db57326, org.springframework.boot.test.context.filter.ExcludeFilterContextCustomizer@1a6c1270, org.springframework.boot.test.json.DuplicateJsonObjectContextCustomizerFactory$DuplicateJsonObjectContextCustomizer@6ee6f53, org.springframework.boot.test.mock.mockito.MockitoContextCustomizer@0, org.springframework.boot.test.web.client.TestRestTemplateContextCustomizer@7241a47d, org.springframework.boot.test.context.SpringBootTestArgs@1, org.springframework.boot.test.context.SpringBootTestWebEnvironment@ea6147e], resourceBasePath = 'src/main/webapp', contextLoader = 'org.springframework.boot.test.context.SpringBootContextLoader', parent = [null]], attributes = map['org.springframework.test.context.web.ServletTestExecutionListener.activateListener' -> true]], class annotated with @DirtiesContext [false] with mode [null].

  .   ____          _            __ _ _
 /\\ / ___'_ __ _ _(_)_ __  __ _ \ \ \ \
( ( )\___ | '_ | '_| | '_ \/ _` | \ \ \ \
 \\/  ___)| |_)| | | | | || (_| |  ) ) ) )
  '  |____| .__|_| |_|_| |_\__, | / / / /
 =========|_|==============|___/=/_/_/_/
 :: Spring Boot ::                (v2.7.5)

2022-11-22 21:36:54.170  INFO 41888 --- [    Test worker] c.awards.GoldenRaspberryAwardsFileTests  : Starting GoldenRaspberryAwardsFileTests using Java 17.0.5 on EST-DESENV19 with PID 41888 (started by osiel.melo in C:\Users\osiel.melo\Documents\GitHub\golden_awards_restful)
2022-11-22 21:36:54.171  INFO 41888 --- [    Test worker] c.awards.GoldenRaspberryAwardsFileTests  : No active profile set, falling back to 1 default profile: "default"
2022-11-22 21:36:55.060  INFO 41888 --- [    Test worker] .s.d.r.c.RepositoryConfigurationDelegate : Bootstrapping Spring Data JPA repositories in DEFAULT mode.
2022-11-22 21:36:55.171  INFO 41888 --- [    Test worker] .s.d.r.c.RepositoryConfigurationDelegate : Finished Spring Data repository scanning in 101 ms. Found 5 JPA repository interfaces.
2022-11-22 21:36:55.970  INFO 41888 --- [    Test worker] o.hibernate.jpa.internal.util.LogHelper  : HHH000204: Processing PersistenceUnitInfo [name: default]
2022-11-22 21:36:56.107  INFO 41888 --- [    Test worker] org.hibernate.Version                    : HHH000412: Hibernate ORM core version 5.6.12.Final
2022-11-22 21:36:56.358  INFO 41888 --- [    Test worker] o.hibernate.annotations.common.Version   : HCANN000001: Hibernate Commons Annotations {5.1.2.Final}
2022-11-22 21:36:56.523  INFO 41888 --- [    Test worker] com.zaxxer.hikari.HikariDataSource       : HikariPool-1 - Starting...
2022-11-22 21:36:56.790  INFO 41888 --- [    Test worker] com.zaxxer.hikari.HikariDataSource       : HikariPool-1 - Start completed.
2022-11-22 21:36:56.835  INFO 41888 --- [    Test worker] org.hibernate.dialect.Dialect            : HHH000400: Using dialect: org.hibernate.dialect.H2Dialect
2022-11-22 21:36:57.559  INFO 41888 --- [    Test worker] o.h.e.t.j.p.i.JtaPlatformInitiator       : HHH000490: Using JtaPlatform implementation: [org.hibernate.engine.transaction.jta.platform.internal.NoJtaPlatform]
2022-11-22 21:36:57.567  INFO 41888 --- [    Test worker] j.LocalContainerEntityManagerFactoryBean : Initialized JPA EntityManagerFactory for persistence unit 'default'
2022-11-22 21:36:58.371 ERROR 41888 --- [    Test worker] com.awards.service.ImportDataService     : Arquivo 'movie_list.csv' não encontrado.
2022-11-22 21:36:58.644  WARN 41888 --- [    Test worker] JpaBaseConfiguration$JpaWebConfiguration : spring.jpa.open-in-view is enabled by default. Therefore, database queries may be performed during view rendering. Explicitly configure spring.jpa.open-in-view to disable this warning
2022-11-22 21:36:59.022  INFO 41888 --- [    Test worker] o.s.b.a.h2.H2ConsoleAutoConfiguration    : H2 console available at '/h2-console'. Database available at 'jdbc:h2:mem:test'
2022-11-22 21:36:59.469  INFO 41888 --- [    Test worker] c.awards.GoldenRaspberryAwardsFileTests  : Started GoldenRaspberryAwardsFileTests in 5.693 seconds (JVM running for 7.344)
2022-11-22 21:36:59.742  INFO 41888 --- [    Test worker] o.s.b.t.m.w.SpringBootMockServletContext : Initializing Spring TestDispatcherServlet ''
2022-11-22 21:36:59.742  INFO 41888 --- [    Test worker] o.s.t.web.servlet.TestDispatcherServlet  : Initializing Servlet ''
2022-11-22 21:36:59.743  INFO 41888 --- [    Test worker] o.s.t.web.servlet.TestDispatcherServlet  : Completed initialization in 1 ms
]]></system-out>
  <system-err><![CDATA[]]></system-err>
</testsuite>
