<?xml version="1.0" encoding="UTF-8"?>
<testsuite name="com.awards.RestFulApiTests" tests="4" skipped="0" failures="0" errors="0" timestamp="2022-11-23T00:36:59" hostname="EST-DESENV19" time="0.581">
  <properties/>
  <testcase name="moviesTest()" classname="com.awards.RestFulApiTests" time="0.439"/>
  <testcase name="testProducers()" classname="com.awards.RestFulApiTests" time="0.03"/>
  <testcase name="goldenAwardApiTest()" classname="com.awards.RestFulApiTests" time="0.067"/>
  <testcase name="testStudios()" classname="com.awards.RestFulApiTests" time="0.04"/>
  <system-out><![CDATA[2022-11-22 21:36:59.973  INFO 41888 --- [    Test worker] .b.t.c.SpringBootTestContextBootstrapper : Neither @ContextConfiguration nor @ContextHierarchy found for test class [com.awards.RestFulApiTests], using SpringBootContextLoader
2022-11-22 21:36:59.975  INFO 41888 --- [    Test worker] o.s.t.c.support.AbstractContextLoader    : Could not detect default resource locations for test class [com.awards.RestFulApiTests]: no resource found for suffixes {-context.xml, Context.groovy}.
2022-11-22 21:36:59.975  INFO 41888 --- [    Test worker] t.c.s.AnnotationConfigContextLoaderUtils : Could not detect default configuration classes for test class [com.awards.RestFulApiTests]: RestFulApiTests does not declare any static, non-private, non-final, nested classes annotated with @Configuration.
2022-11-22 21:36:59.977  INFO 41888 --- [    Test worker] .b.t.c.SpringBootTestContextBootstrapper : Found @SpringBootConfiguration com.awards.GoldenRaspberryAwardsApplication for test class com.awards.RestFulApiTests
2022-11-22 21:36:59.979  INFO 41888 --- [    Test worker] .b.t.c.SpringBootTestContextBootstrapper : Loaded default TestExecutionListener class names from location [META-INF/spring.factories]: [org.springframework.boot.test.autoconfigure.restdocs.RestDocsTestExecutionListener, org.springframework.boot.test.autoconfigure.web.client.MockRestServiceServerResetTestExecutionListener, org.springframework.boot.test.autoconfigure.web.servlet.MockMvcPrintOnlyOnFailureTestExecutionListener, org.springframework.boot.test.autoconfigure.web.servlet.WebDriverTestExecutionListener, org.springframework.boot.test.autoconfigure.webservices.client.MockWebServiceServerTestExecutionListener, org.springframework.boot.test.mock.mockito.MockitoTestExecutionListener, org.springframework.boot.test.mock.mockito.ResetMocksTestExecutionListener, org.springframework.test.context.web.ServletTestExecutionListener, org.springframework.test.context.support.DirtiesContextBeforeModesTestExecutionListener, org.springframework.test.context.event.ApplicationEventsTestExecutionListener, org.springframework.test.context.support.DependencyInjectionTestExecutionListener, org.springframework.test.context.support.DirtiesContextTestExecutionListener, org.springframework.test.context.transaction.TransactionalTestExecutionListener, org.springframework.test.context.jdbc.SqlScriptsTestExecutionListener, org.springframework.test.context.event.EventPublishingTestExecutionListener]
2022-11-22 21:36:59.980  INFO 41888 --- [    Test worker] .b.t.c.SpringBootTestContextBootstrapper : Using TestExecutionListeners: [org.springframework.test.context.web.ServletTestExecutionListener@6915351c, org.springframework.test.context.support.DirtiesContextBeforeModesTestExecutionListener@2ac0cb64, org.springframework.test.context.event.ApplicationEventsTestExecutionListener@7be3a837, org.springframework.boot.test.mock.mockito.MockitoTestExecutionListener@247d44b4, org.springframework.boot.test.autoconfigure.SpringBootDependencyInjectionTestExecutionListener@640028f2, org.springframework.test.context.support.DirtiesContextTestExecutionListener@48b744fd, org.springframework.test.context.transaction.TransactionalTestExecutionListener@2ef3efcc, org.springframework.test.context.jdbc.SqlScriptsTestExecutionListener@60655642, org.springframework.test.context.event.EventPublishingTestExecutionListener@5c7b504, org.springframework.boot.test.autoconfigure.restdocs.RestDocsTestExecutionListener@772589ed, org.springframework.boot.test.autoconfigure.web.client.MockRestServiceServerResetTestExecutionListener@4619854a, org.springframework.boot.test.autoconfigure.web.servlet.MockMvcPrintOnlyOnFailureTestExecutionListener@c040c8d, org.springframework.boot.test.autoconfigure.web.servlet.WebDriverTestExecutionListener@3453f79c, org.springframework.boot.test.autoconfigure.webservices.client.MockWebServiceServerTestExecutionListener@6f627a1a, org.springframework.boot.test.mock.mockito.ResetMocksTestExecutionListener@655b9169]
2022-11-22 21:36:59.987  INFO 41888 --- [    Test worker] o.s.b.t.m.w.SpringBootMockServletContext : Initializing Spring TestDispatcherServlet ''
2022-11-22 21:36:59.987  INFO 41888 --- [    Test worker] o.s.t.web.servlet.TestDispatcherServlet  : Initializing Servlet ''
2022-11-22 21:36:59.987  INFO 41888 --- [    Test worker] o.s.t.web.servlet.TestDispatcherServlet  : Completed initialization in 0 ms
2022-11-22 21:37:00.426  INFO 41888 --- [    Test worker] o.s.b.t.m.w.SpringBootMockServletContext : Initializing Spring TestDispatcherServlet ''
2022-11-22 21:37:00.426  INFO 41888 --- [    Test worker] o.s.t.web.servlet.TestDispatcherServlet  : Initializing Servlet ''
2022-11-22 21:37:00.427  INFO 41888 --- [    Test worker] o.s.t.web.servlet.TestDispatcherServlet  : Completed initialization in 1 ms
2022-11-22 21:37:00.457  INFO 41888 --- [    Test worker] o.s.b.t.m.w.SpringBootMockServletContext : Initializing Spring TestDispatcherServlet ''
2022-11-22 21:37:00.457  INFO 41888 --- [    Test worker] o.s.t.web.servlet.TestDispatcherServlet  : Initializing Servlet ''
2022-11-22 21:37:00.458  INFO 41888 --- [    Test worker] o.s.t.web.servlet.TestDispatcherServlet  : Completed initialization in 1 ms
2022-11-22 21:37:00.526  INFO 41888 --- [    Test worker] o.s.b.t.m.w.SpringBootMockServletContext : Initializing Spring TestDispatcherServlet ''
2022-11-22 21:37:00.526  INFO 41888 --- [    Test worker] o.s.t.web.servlet.TestDispatcherServlet  : Initializing Servlet ''
2022-11-22 21:37:00.527  INFO 41888 --- [    Test worker] o.s.t.web.servlet.TestDispatcherServlet  : Completed initialization in 1 ms
]]></system-out>
  <system-err><![CDATA[]]></system-err>
</testsuite>
