<?xml version="1.0" encoding="UTF-8"?>
<testsuite name="com.awards.GoldenRaspberryAwardsFileTests" tests="1" skipped="0" failures="0" errors="0" timestamp="2022-11-23T00:54:09" hostname="EST-DESENV19" time="20.276">
  <properties/>
  <testcase name="awardFileTest()" classname="com.awards.GoldenRaspberryAwardsFileTests" time="20.276"/>
  <system-out><![CDATA[21:54:01.722 [Test worker] DEBUG org.springframework.test.context.BootstrapUtils - Instantiating CacheAwareContextLoaderDelegate from class [org.springframework.test.context.cache.DefaultCacheAwareContextLoaderDelegate]
21:54:01.734 [Test worker] DEBUG org.springframework.test.context.BootstrapUtils - Instantiating BootstrapContext using constructor [public org.springframework.test.context.support.DefaultBootstrapContext(java.lang.Class,org.springframework.test.context.CacheAwareContextLoaderDelegate)]
21:54:01.771 [Test worker] DEBUG org.springframework.test.context.BootstrapUtils - Instantiating TestContextBootstrapper for test class [com.awards.GoldenRaspberryAwardsFileTests] from class [org.springframework.boot.test.context.SpringBootTestContextBootstrapper]
21:54:01.780 [Test worker] INFO org.springframework.boot.test.context.SpringBootTestContextBootstrapper - Neither @ContextConfiguration nor @ContextHierarchy found for test class [com.awards.GoldenRaspberryAwardsFileTests], using SpringBootContextLoader
21:54:01.785 [Test worker] DEBUG org.springframework.test.context.support.AbstractContextLoader - Did not detect default resource location for test class [com.awards.GoldenRaspberryAwardsFileTests]: class path resource [com/awards/GoldenRaspberryAwardsFileTests-context.xml] does not exist
21:54:01.786 [Test worker] DEBUG org.springframework.test.context.support.AbstractContextLoader - Did not detect default resource location for test class [com.awards.GoldenRaspberryAwardsFileTests]: class path resource [com/awards/GoldenRaspberryAwardsFileTestsContext.groovy] does not exist
21:54:01.786 [Test worker] INFO org.springframework.test.context.support.AbstractContextLoader - Could not detect default resource locations for test class [com.awards.GoldenRaspberryAwardsFileTests]: no resource found for suffixes {-context.xml, Context.groovy}.
21:54:01.786 [Test worker] INFO org.springframework.test.context.support.AnnotationConfigContextLoaderUtils - Could not detect default configuration classes for test class [com.awards.GoldenRaspberryAwardsFileTests]: GoldenRaspberryAwardsFileTests does not declare any static, non-private, non-final, nested classes annotated with @Configuration.
21:54:01.841 [Test worker] DEBUG org.springframework.test.context.support.ActiveProfilesUtils - Could not find an 'annotation declaring class' for annotation type [org.springframework.test.context.ActiveProfiles] and class [com.awards.GoldenRaspberryAwardsFileTests]
21:54:01.923 [Test worker] DEBUG org.springframework.context.annotation.ClassPathScanningCandidateComponentProvider - Identified candidate component class: file [C:\Users\osiel.melo\Documents\GitHub\golden_awards_restful\build\classes\java\main\com\awards\GoldenRaspberryAwardsApplication.class]
21:54:01.924 [Test worker] INFO org.springframework.boot.test.context.SpringBootTestContextBootstrapper - Found @SpringBootConfiguration com.awards.GoldenRaspberryAwardsApplication for test class com.awards.GoldenRaspberryAwardsFileTests
21:54:02.078 [Test worker] DEBUG org.springframework.boot.test.context.SpringBootTestContextBootstrapper - @TestExecutionListeners is not present for class [com.awards.GoldenRaspberryAwardsFileTests]: using defaults.
21:54:02.079 [Test worker] INFO org.springframework.boot.test.context.SpringBootTestContextBootstrapper - Loaded default TestExecutionListener class names from location [META-INF/spring.factories]: [org.springframework.boot.test.autoconfigure.restdocs.RestDocsTestExecutionListener, org.springframework.boot.test.autoconfigure.web.client.MockRestServiceServerResetTestExecutionListener, org.springframework.boot.test.autoconfigure.web.servlet.MockMvcPrintOnlyOnFailureTestExecutionListener, org.springframework.boot.test.autoconfigure.web.servlet.WebDriverTestExecutionListener, org.springframework.boot.test.autoconfigure.webservices.client.MockWebServiceServerTestExecutionListener, org.springframework.boot.test.mock.mockito.MockitoTestExecutionListener, org.springframework.boot.test.mock.mockito.ResetMocksTestExecutionListener, org.springframework.test.context.web.ServletTestExecutionListener, org.springframework.test.context.support.DirtiesContextBeforeModesTestExecutionListener, org.springframework.test.context.event.ApplicationEventsTestExecutionListener, org.springframework.test.context.support.DependencyInjectionTestExecutionListener, org.springframework.test.context.support.DirtiesContextTestExecutionListener, org.springframework.test.context.transaction.TransactionalTestExecutionListener, org.springframework.test.context.jdbc.SqlScriptsTestExecutionListener, org.springframework.test.context.event.EventPublishingTestExecutionListener]
21:54:02.100 [Test worker] INFO org.springframework.boot.test.context.SpringBootTestContextBootstrapper - Using TestExecutionListeners: [org.springframework.test.context.web.ServletTestExecutionListener@7fd4acee, org.springframework.test.context.support.DirtiesContextBeforeModesTestExecutionListener@165b8a71, org.springframework.test.context.event.ApplicationEventsTestExecutionListener@6175619b, org.springframework.boot.test.mock.mockito.MockitoTestExecutionListener@2f058b8a, org.springframework.boot.test.autoconfigure.SpringBootDependencyInjectionTestExecutionListener@756cf158, org.springframework.test.context.support.DirtiesContextTestExecutionListener@3f2ef586, org.springframework.test.context.transaction.TransactionalTestExecutionListener@751d3241, org.springframework.test.context.jdbc.SqlScriptsTestExecutionListener@76c7beb3, org.springframework.test.context.event.EventPublishingTestExecutionListener@64337702, org.springframework.boot.test.autoconfigure.restdocs.RestDocsTestExecutionListener@2cf92cc7, org.springframework.boot.test.autoconfigure.web.client.MockRestServiceServerResetTestExecutionListener@30ea8c23, org.springframework.boot.test.autoconfigure.web.servlet.MockMvcPrintOnlyOnFailureTestExecutionListener@7b139eab, org.springframework.boot.test.autoconfigure.web.servlet.WebDriverTestExecutionListener@4e76dac, org.springframework.boot.test.autoconfigure.webservices.client.MockWebServiceServerTestExecutionListener@611df6e3, org.springframework.boot.test.mock.mockito.ResetMocksTestExecutionListener@5f2f577]
21:54:02.105 [Test worker] DEBUG org.springframework.test.context.support.AbstractDirtiesContextTestExecutionListener - Before test class: context [DefaultTestContext@5ac86ba5 testClass = GoldenRaspberryAwardsFileTests, testInstance = [null], testMethod = [null], testException = [null], mergedContextConfiguration = [WebMergedContextConfiguration@6c67e137 testClass = GoldenRaspberryAwardsFileTests, locations = '{}', classes = '{class com.awards.GoldenRaspberryAwardsApplication}', contextInitializerClasses = '[]', activeProfiles = '{}', propertySourceLocations = '{}', propertySourceProperties = '{org.springframework.boot.test.context.SpringBootTestContextBootstrapper=true}', contextCustomizers = set[org.springframework.boot.test.autoconfigure.actuate.metrics.MetricsExportContextCustomizerFactory$DisableMetricExportContextCustomizer@5143c662, org.springframework.boot.test.autoconfigure.properties.PropertyMappingContextCustomizer@0, org.springframework.boot.test.autoconfigure.web.servlet.WebDriverContextCustomizerFactory$Customizer@31bcf236, org.springframework.boot.test.context.filter.ExcludeFilterContextCustomizer@3a12c404, org.springframework.boot.test.json.DuplicateJsonObjectContextCustomizerFactory$DuplicateJsonObjectContextCustomizer@2c1156a7, org.springframework.boot.test.mock.mockito.MockitoContextCustomizer@0, org.springframework.boot.test.web.client.TestRestTemplateContextCustomizer@2e2ff723, org.springframework.boot.test.context.SpringBootTestArgs@1, org.springframework.boot.test.context.SpringBootTestWebEnvironment@483f6d77], resourceBasePath = 'src/main/webapp', contextLoader = 'org.springframework.boot.test.context.SpringBootContextLoader', parent = [null]], attributes = map['org.springframework.test.context.web.ServletTestExecutionListener.activateListener' -> true]], class annotated with @DirtiesContext [false] with mode [null].

  .   ____          _            __ _ _
 /\\ / ___'_ __ _ _(_)_ __  __ _ \ \ \ \
( ( )\___ | '_ | '_| | '_ \/ _` | \ \ \ \
 \\/  ___)| |_)| | | | | || (_| |  ) ) ) )
  '  |____| .__|_| |_|_| |_\__, | / / / /
 =========|_|==============|___/=/_/_/_/
 :: Spring Boot ::                (v2.7.5)

2022-11-22 21:54:02.563  INFO 33628 --- [    Test worker] c.awards.GoldenRaspberryAwardsFileTests  : Starting GoldenRaspberryAwardsFileTests using Java 17.0.5 on EST-DESENV19 with PID 33628 (started by osiel.melo in C:\Users\osiel.melo\Documents\GitHub\golden_awards_restful)
2022-11-22 21:54:02.567  INFO 33628 --- [    Test worker] c.awards.GoldenRaspberryAwardsFileTests  : No active profile set, falling back to 1 default profile: "default"
2022-11-22 21:54:03.570  INFO 33628 --- [    Test worker] .s.d.r.c.RepositoryConfigurationDelegate : Bootstrapping Spring Data JPA repositories in DEFAULT mode.
2022-11-22 21:54:03.705  INFO 33628 --- [    Test worker] .s.d.r.c.RepositoryConfigurationDelegate : Finished Spring Data repository scanning in 120 ms. Found 5 JPA repository interfaces.
2022-11-22 21:54:04.496  INFO 33628 --- [    Test worker] o.hibernate.jpa.internal.util.LogHelper  : HHH000204: Processing PersistenceUnitInfo [name: default]
2022-11-22 21:54:04.567  INFO 33628 --- [    Test worker] org.hibernate.Version                    : HHH000412: Hibernate ORM core version 5.6.12.Final
2022-11-22 21:54:04.791  INFO 33628 --- [    Test worker] o.hibernate.annotations.common.Version   : HCANN000001: Hibernate Commons Annotations {5.1.2.Final}
2022-11-22 21:54:04.948  INFO 33628 --- [    Test worker] com.zaxxer.hikari.HikariDataSource       : HikariPool-1 - Starting...
2022-11-22 21:54:05.211  INFO 33628 --- [    Test worker] com.zaxxer.hikari.HikariDataSource       : HikariPool-1 - Start completed.
2022-11-22 21:54:05.253  INFO 33628 --- [    Test worker] org.hibernate.dialect.Dialect            : HHH000400: Using dialect: org.hibernate.dialect.H2Dialect
2022-11-22 21:54:06.130  INFO 33628 --- [    Test worker] o.h.e.t.j.p.i.JtaPlatformInitiator       : HHH000490: Using JtaPlatform implementation: [org.hibernate.engine.transaction.jta.platform.internal.NoJtaPlatform]
2022-11-22 21:54:06.142  INFO 33628 --- [    Test worker] j.LocalContainerEntityManagerFactoryBean : Initialized JPA EntityManagerFactory for persistence unit 'default'
2022-11-22 21:54:06.868  INFO 33628 --- [    Test worker] com.awards.service.ImportDataService     : Lendo arquivo de filmes
2022-11-22 21:54:06.871  INFO 33628 --- [    Test worker] com.awards.service.ImportDataService     : Gravando a linha: 1980;Can't Stop the Music;Associated Film Distribution;Allan Carr;yes
2022-11-22 21:54:07.195  INFO 33628 --- [    Test worker] com.awards.service.ImportDataService     : Gravando a linha: 1980;Cruising;Lorimar Productions, United Artists;Jerry Weintraub;
2022-11-22 21:54:07.207  INFO 33628 --- [    Test worker] com.awards.service.ImportDataService     : Gravando a linha: 1980;The Formula;MGM, United Artists;Steve Shagan;
2022-11-22 21:54:07.220  INFO 33628 --- [    Test worker] com.awards.service.ImportDataService     : Gravando a linha: 1980;Friday the 13th;Paramount Pictures;Sean S. Cunningham;
2022-11-22 21:54:07.227  INFO 33628 --- [    Test worker] com.awards.service.ImportDataService     : Gravando a linha: 1980;The Nude Bomb;Universal Studios;Jennings Lang;
2022-11-22 21:54:07.236  INFO 33628 --- [    Test worker] com.awards.service.ImportDataService     : Gravando a linha: 1980;The Jazz Singer;Associated Film Distribution;Jerry Leider;
2022-11-22 21:54:07.241  INFO 33628 --- [    Test worker] com.awards.service.ImportDataService     : Gravando a linha: 1980;Raise the Titanic;Associated Film Distribution;William Frye;
2022-11-22 21:54:07.249  INFO 33628 --- [    Test worker] com.awards.service.ImportDataService     : Gravando a linha: 1980;Saturn 3;Associated Film Distribution;Stanley Donen;
2022-11-22 21:54:07.255  INFO 33628 --- [    Test worker] com.awards.service.ImportDataService     : Gravando a linha: 1980;Windows;United Artists;Mike Lobell;
2022-11-22 21:54:07.260  INFO 33628 --- [    Test worker] com.awards.service.ImportDataService     : Gravando a linha: 1980;Xanadu;Universal Studios;Lawrence Gordon;
2022-11-22 21:54:07.266  INFO 33628 --- [    Test worker] com.awards.service.ImportDataService     : Gravando a linha: 1981;Mommie Dearest;Paramount Pictures;Frank Yablans;yes
2022-11-22 21:54:07.271  INFO 33628 --- [    Test worker] com.awards.service.ImportDataService     : Gravando a linha: 1981;Endless Love;Universal Studios, PolyGram;Dyson Lovell;
2022-11-22 21:54:07.280  INFO 33628 --- [    Test worker] com.awards.service.ImportDataService     : Gravando a linha: 1981;Heaven's Gate;United Artists;Joann Carelli;
2022-11-22 21:54:07.286  INFO 33628 --- [    Test worker] com.awards.service.ImportDataService     : Gravando a linha: 1981;The Legend of the Lone Ranger;Universal Studios, Associated Film Distribution;Walter Coblenz;
2022-11-22 21:54:07.294  INFO 33628 --- [    Test worker] com.awards.service.ImportDataService     : Gravando a linha: 1981;Tarzan, the Ape Man;MGM, United Artists;John Derek;
2022-11-22 21:54:07.300  INFO 33628 --- [    Test worker] com.awards.service.ImportDataService     : Gravando a linha: 1982;Inchon;MGM;Mitsuharu Ishii;yes
2022-11-22 21:54:07.307  INFO 33628 --- [    Test worker] com.awards.service.ImportDataService     : Gravando a linha: 1982;Annie;Columbia Pictures;Ray Stark;
2022-11-22 21:54:07.315  INFO 33628 --- [    Test worker] com.awards.service.ImportDataService     : Gravando a linha: 1982;Butterfly;Analysis Film Releasing;Matt Cimber;
2022-11-22 21:54:07.321  INFO 33628 --- [    Test worker] com.awards.service.ImportDataService     : Gravando a linha: 1982;Megaforce;20th Century Fox;Albert S. Ruddy;
2022-11-22 21:54:07.329  INFO 33628 --- [    Test worker] com.awards.service.ImportDataService     : Gravando a linha: 1982;The Pirate Movie;20th Century Fox;David Joseph;
2022-11-22 21:54:07.334  INFO 33628 --- [    Test worker] com.awards.service.ImportDataService     : Gravando a linha: 1983;The Lonely Lady;Universal Studios;Robert R. Weston;yes
2022-11-22 21:54:07.340  INFO 33628 --- [    Test worker] com.awards.service.ImportDataService     : Gravando a linha: 1983;Hercules;MGM, United Artists, Cannon Films;Yoram Globus and Menahem Golan;
2022-11-22 21:54:07.348  INFO 33628 --- [    Test worker] com.awards.service.ImportDataService     : Gravando a linha: 1983;Jaws 3-D;Universal Studios;Rupert Hitzig;
2022-11-22 21:54:07.356  INFO 33628 --- [    Test worker] com.awards.service.ImportDataService     : Gravando a linha: 1983;Stroker Ace;Warner Bros., Universal Studios;Hank Moonjean;
2022-11-22 21:54:07.362  INFO 33628 --- [    Test worker] com.awards.service.ImportDataService     : Gravando a linha: 1983;Two of a Kind;20th Century Fox;Roger M. Rothstein and Joe Wizan;
2022-11-22 21:54:07.367  INFO 33628 --- [    Test worker] com.awards.service.ImportDataService     : Gravando a linha: 1984;Bolero;Cannon Films;Bo Derek;yes
2022-11-22 21:54:07.370  INFO 33628 --- [    Test worker] com.awards.service.ImportDataService     : Gravando a linha: 1984;Cannonball Run II;Warner Bros.;Albert S. Ruddy;
2022-11-22 21:54:07.374  INFO 33628 --- [    Test worker] com.awards.service.ImportDataService     : Gravando a linha: 1984;Rhinestone;20th Century Fox;Marvin Worth and Howard Smith;
2022-11-22 21:54:07.378  INFO 33628 --- [    Test worker] com.awards.service.ImportDataService     : Gravando a linha: 1984;Sheena;Columbia Pictures;Paul Aratow;
2022-11-22 21:54:07.382  INFO 33628 --- [    Test worker] com.awards.service.ImportDataService     : Gravando a linha: 1984;Where the Boys Are '84;TriStar Pictures;Allan Carr;
2022-11-22 21:54:07.386  INFO 33628 --- [    Test worker] com.awards.service.ImportDataService     : Gravando a linha: 1985;Rambo: First Blood Part II;Columbia Pictures;Buzz Feitshans;yes
2022-11-22 21:54:07.391  INFO 33628 --- [    Test worker] com.awards.service.ImportDataService     : Gravando a linha: 1985;Fever Pitch;MGM, United Artists;Freddie Fields;
2022-11-22 21:54:07.395  INFO 33628 --- [    Test worker] com.awards.service.ImportDataService     : Gravando a linha: 1985;Revolution;Warner Bros.;Irwin Winkler;
2022-11-22 21:54:07.399  INFO 33628 --- [    Test worker] com.awards.service.ImportDataService     : Gravando a linha: 1985;Rocky IV;MGM, United Artists;Irwin Winkler and Robert Chartoff;
2022-11-22 21:54:07.404  INFO 33628 --- [    Test worker] com.awards.service.ImportDataService     : Gravando a linha: 1985;Year of the Dragon;MGM, United Artists;Dino De Laurentiis;
2022-11-22 21:54:07.409  INFO 33628 --- [    Test worker] com.awards.service.ImportDataService     : Gravando a linha: 1986;Howard the Duck;Universal Studios;Gloria Katz;yes
2022-11-22 21:54:07.413  INFO 33628 --- [    Test worker] com.awards.service.ImportDataService     : Gravando a linha: 1986;Under the Cherry Moon;Warner Bros.;Bob Cavallo, Joe Ruffalo and Steve Fargnoli;yes
2022-11-22 21:54:07.420  INFO 33628 --- [    Test worker] com.awards.service.ImportDataService     : Gravando a linha: 1986;Blue City;Paramount Pictures;William L. Hayward and Walter Hill;
2022-11-22 21:54:07.427  INFO 33628 --- [    Test worker] com.awards.service.ImportDataService     : Gravando a linha: 1986;Cobra;Warner Bros., Cannon Films;Yoram Globus and Menahem Golan;
2022-11-22 21:54:07.431  INFO 33628 --- [    Test worker] com.awards.service.ImportDataService     : Gravando a linha: 1986;Shanghai Surprise;MGM;John Kohn;
2022-11-22 21:54:07.437  INFO 33628 --- [    Test worker] com.awards.service.ImportDataService     : Gravando a linha: 1987;Leonard Part 6;Columbia Pictures;Bill Cosby;yes
2022-11-22 21:54:07.440  INFO 33628 --- [    Test worker] com.awards.service.ImportDataService     : Gravando a linha: 1987;Ishtar;Columbia Pictures;Warren Beatty;
2022-11-22 21:54:07.444  INFO 33628 --- [    Test worker] com.awards.service.ImportDataService     : Gravando a linha: 1987;Jaws: The Revenge;Universal Studios;Joseph Sargent;
2022-11-22 21:54:07.449  INFO 33628 --- [    Test worker] com.awards.service.ImportDataService     : Gravando a linha: 1987;Tough Guys Don't Dance;Cannon Films;Yoram Globus and Menahem Golan;
2022-11-22 21:54:07.453  INFO 33628 --- [    Test worker] com.awards.service.ImportDataService     : Gravando a linha: 1987;Who's That Girl;Warner Bros.;Rosilyn Heller and Bernard Williams;
2022-11-22 21:54:07.457  INFO 33628 --- [    Test worker] com.awards.service.ImportDataService     : Gravando a linha: 1988;Cocktail;Touchstone Pictures;Ted Field and Robert W. Cort;yes
2022-11-22 21:54:07.462  INFO 33628 --- [    Test worker] com.awards.service.ImportDataService     : Gravando a linha: 1988;Caddyshack II;Warner Bros.;Neil Canton, Jon Peters and Peter Guber;
2022-11-22 21:54:07.468  INFO 33628 --- [    Test worker] com.awards.service.ImportDataService     : Gravando a linha: 1988;Hot to Trot;Warner Bros.;Steve Tisch;
2022-11-22 21:54:07.472  INFO 33628 --- [    Test worker] com.awards.service.ImportDataService     : Gravando a linha: 1988;Mac and Me;Orion Pictures;R. J. Louis;
2022-11-22 21:54:07.477  INFO 33628 --- [    Test worker] com.awards.service.ImportDataService     : Gravando a linha: 1988;Rambo III;TriStar Pictures, Carolco Pictures;Buzz Feitshans;
2022-11-22 21:54:07.483  INFO 33628 --- [    Test worker] com.awards.service.ImportDataService     : Gravando a linha: 1989;Star Trek V: The Final Frontier;Paramount Pictures;Harve Bennett;yes
2022-11-22 21:54:07.488  INFO 33628 --- [    Test worker] com.awards.service.ImportDataService     : Gravando a linha: 1989;The Karate Kid Part III;Columbia Pictures;Jerry Weintraub;
2022-11-22 21:54:07.494  INFO 33628 --- [    Test worker] com.awards.service.ImportDataService     : Gravando a linha: 1989;Lock Up;TriStar Pictures, Carolco Pictures;Charles Gordon and Lawrence Gordon;
2022-11-22 21:54:07.499  INFO 33628 --- [    Test worker] com.awards.service.ImportDataService     : Gravando a linha: 1989;Road House;United Artists;Joel Silver;
2022-11-22 21:54:07.503  INFO 33628 --- [    Test worker] com.awards.service.ImportDataService     : Gravando a linha: 1989;Speed Zone;Orion Pictures;Murray Shostack;
2022-11-22 21:54:07.508  INFO 33628 --- [    Test worker] com.awards.service.ImportDataService     : Gravando a linha: 1990;The Adventures of Ford Fairlane;20th Century Fox;Steven Perry and Joel Silver;yes
2022-11-22 21:54:07.514  INFO 33628 --- [    Test worker] com.awards.service.ImportDataService     : Gravando a linha: 1990;Ghosts Can't Do It;Triumph Releasing;Bo Derek;yes
2022-11-22 21:54:07.518  INFO 33628 --- [    Test worker] com.awards.service.ImportDataService     : Gravando a linha: 1990;The Bonfire of the Vanities;Warner Bros.;Brian De Palma;
2022-11-22 21:54:07.522  INFO 33628 --- [    Test worker] com.awards.service.ImportDataService     : Gravando a linha: 1990;Graffiti Bridge;Warner Bros.;Randy Phillips and Craig Rice;
2022-11-22 21:54:07.527  INFO 33628 --- [    Test worker] com.awards.service.ImportDataService     : Gravando a linha: 1990;Rocky V;United Artists;Robert Chartoff and Irwin Winkler;
2022-11-22 21:54:07.531  INFO 33628 --- [    Test worker] com.awards.service.ImportDataService     : Gravando a linha: 1991;Hudson Hawk;TriStar Pictures;Joel Silver;yes
2022-11-22 21:54:07.535  INFO 33628 --- [    Test worker] com.awards.service.ImportDataService     : Gravando a linha: 1991;Cool as Ice;Universal Studios;Carolyn Pfeiffer and Lionel Wingram;
2022-11-22 21:54:07.538  INFO 33628 --- [    Test worker] com.awards.service.ImportDataService     : Gravando a linha: 1991;Dice Rules;Seven Arts Productions;Loucas George;
2022-11-22 21:54:07.544  INFO 33628 --- [    Test worker] com.awards.service.ImportDataService     : Gravando a linha: 1991;Nothing but Trouble;Warner Bros.;Lester Berman and Robert K. Weiss;
2022-11-22 21:54:07.549  INFO 33628 --- [    Test worker] com.awards.service.ImportDataService     : Gravando a linha: 1991;Return to the Blue Lagoon;Columbia Pictures;William A. Graham;
2022-11-22 21:54:07.551  INFO 33628 --- [    Test worker] com.awards.service.ImportDataService     : Gravando a linha: 1992;Shining Through;20th Century Fox;Carol Baum and Howard Rosenman;yes
2022-11-22 21:54:07.556  INFO 33628 --- [    Test worker] com.awards.service.ImportDataService     : Gravando a linha: 1992;The Bodyguard;Warner Bros.;Kevin Costner, Lawrence Kasdan and Jim Wilson;
2022-11-22 21:54:07.563  INFO 33628 --- [    Test worker] com.awards.service.ImportDataService     : Gravando a linha: 1992;Christopher Columbus: The Discovery;Warner Bros.;Alexander Salkind and Ilya Salkind;
2022-11-22 21:54:07.567  INFO 33628 --- [    Test worker] com.awards.service.ImportDataService     : Gravando a linha: 1992;Final Analysis;20th Century Fox;Paul Junger Witt, Charles Roven and Tony Thomas;
2022-11-22 21:54:07.575  INFO 33628 --- [    Test worker] com.awards.service.ImportDataService     : Gravando a linha: 1992;Newsies;Walt Disney Pictures;Michael Finnell;
2022-11-22 21:54:07.579  INFO 33628 --- [    Test worker] com.awards.service.ImportDataService     : Gravando a linha: 1993;Indecent Proposal;Paramount Pictures;Sherry Lansing;yes
2022-11-22 21:54:07.583  INFO 33628 --- [    Test worker] com.awards.service.ImportDataService     : Gravando a linha: 1993;Body of Evidence;MGM, United Artists;Dino De Laurentiis;
2022-11-22 21:54:07.588  INFO 33628 --- [    Test worker] com.awards.service.ImportDataService     : Gravando a linha: 1993;Cliffhanger;TriStar Pictures, Carolco Pictures;Renny Harlin and Alan Marshall;
2022-11-22 21:54:07.596  INFO 33628 --- [    Test worker] com.awards.service.ImportDataService     : Gravando a linha: 1993;Last Action Hero;Columbia Pictures;John McTiernan and Stephen J. Roth;
2022-11-22 21:54:07.602  INFO 33628 --- [    Test worker] com.awards.service.ImportDataService     : Gravando a linha: 1993;Sliver;Paramount Pictures;Robert Evans;
2022-11-22 21:54:07.606  INFO 33628 --- [    Test worker] com.awards.service.ImportDataService     : Gravando a linha: 1994;Color of Night;Hollywood Pictures;Buzz Feitshans and David Matalon;yes
2022-11-22 21:54:07.612  INFO 33628 --- [    Test worker] com.awards.service.ImportDataService     : Gravando a linha: 1994;North;Columbia Pictures, Castle Rock Entertainment;Rob Reiner and Alan Zweibel;
2022-11-22 21:54:07.618  INFO 33628 --- [    Test worker] com.awards.service.ImportDataService     : Gravando a linha: 1994;On Deadly Ground;Warner Bros.;A. Kitman Ho, Julius R. Nasso and Steven Seagal;
2022-11-22 21:54:07.624  INFO 33628 --- [    Test worker] com.awards.service.ImportDataService     : Gravando a linha: 1994;The Specialist;Warner Bros.;Jerry Weintraub;
2022-11-22 21:54:07.628  INFO 33628 --- [    Test worker] com.awards.service.ImportDataService     : Gravando a linha: 1994;Wyatt Earp;Warner Bros.;Kevin Costner, Lawrence Kasdan and Jim Wilson;
2022-11-22 21:54:07.632  INFO 33628 --- [    Test worker] com.awards.service.ImportDataService     : Gravando a linha: 1995;Showgirls;MGM, United Artists;Charles Evans and Alan Marshall;yes
2022-11-22 21:54:07.636  INFO 33628 --- [    Test worker] com.awards.service.ImportDataService     : Gravando a linha: 1995;Congo;Paramount Pictures;Kathleen Kennedy and Sam Mercer;
2022-11-22 21:54:07.640  INFO 33628 --- [    Test worker] com.awards.service.ImportDataService     : Gravando a linha: 1995;It's Pat;Touchstone Pictures;Charles B. Wessler;
2022-11-22 21:54:07.644  INFO 33628 --- [    Test worker] com.awards.service.ImportDataService     : Gravando a linha: 1995;The Scarlet Letter;Hollywood Pictures;Roland Joffé and Andrew G. Vajna;
2022-11-22 21:54:07.647  INFO 33628 --- [    Test worker] com.awards.service.ImportDataService     : Gravando a linha: 1995;Waterworld;Universal Studios;Kevin Costner, John Davis, Charles Gordon and Lawrence Gordon;
2022-11-22 21:54:07.651  INFO 33628 --- [    Test worker] com.awards.service.ImportDataService     : Gravando a linha: 1996;Striptease;Columbia Pictures, Castle Rock Entertainment;Andrew Bergman and Mike Lobell;yes
2022-11-22 21:54:07.656  INFO 33628 --- [    Test worker] com.awards.service.ImportDataService     : Gravando a linha: 1996;Barb Wire;PolyGram Filmed Entertainment, Gramercy Pictures;Todd Moyer, Mike Richardson and Brad Wyman;
2022-11-22 21:54:07.663  INFO 33628 --- [    Test worker] com.awards.service.ImportDataService     : Gravando a linha: 1996;Ed;Universal Studios;Rosalie Swedlin;
2022-11-22 21:54:07.667  INFO 33628 --- [    Test worker] com.awards.service.ImportDataService     : Gravando a linha: 1996;The Island of Dr. Moreau;New Line Cinema;Edward R. Pressman;
2022-11-22 21:54:07.672  INFO 33628 --- [    Test worker] com.awards.service.ImportDataService     : Gravando a linha: 1996;The Stupids;New Line Cinema, Savoy Pictures;Leslie Belzberg;
2022-11-22 21:54:07.677  INFO 33628 --- [    Test worker] com.awards.service.ImportDataService     : Gravando a linha: 1997;The Postman;Warner Bros.;Kevin Costner, Steve Tisch and Jim Wilson;yes
2022-11-22 21:54:07.682  INFO 33628 --- [    Test worker] com.awards.service.ImportDataService     : Gravando a linha: 1997;Anaconda;Columbia Pictures;Verna Harrah, Carole Little and Leonard Rabinowitz;
2022-11-22 21:54:07.690  INFO 33628 --- [    Test worker] com.awards.service.ImportDataService     : Gravando a linha: 1997;Batman & Robin;Warner Bros.;Peter MacGregor-Scott;
2022-11-22 21:54:07.694  INFO 33628 --- [    Test worker] com.awards.service.ImportDataService     : Gravando a linha: 1997;Fire Down Below;Warner Bros.;Julius R. Nasso and Steven Seagal;
2022-11-22 21:54:07.697  INFO 33628 --- [    Test worker] com.awards.service.ImportDataService     : Gravando a linha: 1997;Speed 2: Cruise Control;20th Century Fox;Jan de Bont, Steve Perry and Michael Peyser;
2022-11-22 21:54:07.703  INFO 33628 --- [    Test worker] com.awards.service.ImportDataService     : Gravando a linha: 1998;An Alan Smithee Film: Burn Hollywood Burn;Hollywood Pictures;Ben Myron and Joe Eszterhas;yes
2022-11-22 21:54:07.707  INFO 33628 --- [    Test worker] com.awards.service.ImportDataService     : Gravando a linha: 1998;Armageddon;Touchstone Pictures;Michael Bay and Jerry Bruckheimer;
2022-11-22 21:54:07.711  INFO 33628 --- [    Test worker] com.awards.service.ImportDataService     : Gravando a linha: 1998;The Avengers;Warner Bros.;Jerry Weintraub;
2022-11-22 21:54:07.714  INFO 33628 --- [    Test worker] com.awards.service.ImportDataService     : Gravando a linha: 1998;Godzilla;TriStar Pictures;Roland Emmerich and Dean Devlin;
2022-11-22 21:54:07.719  INFO 33628 --- [    Test worker] com.awards.service.ImportDataService     : Gravando a linha: 1998;Spice World;Columbia Pictures;Uri Fruchtan, Mark L. Rosen and Barnaby Thompson;
2022-11-22 21:54:07.723  INFO 33628 --- [    Test worker] com.awards.service.ImportDataService     : Gravando a linha: 1999;Wild Wild West;Warner Bros.;Jon Peters and Barry Sonnenfeld;yes
2022-11-22 21:54:07.727  INFO 33628 --- [    Test worker] com.awards.service.ImportDataService     : Gravando a linha: 1999;Big Daddy;Columbia Pictures;Sidney Ganis and Jack Giarraputo;
2022-11-22 21:54:07.731  INFO 33628 --- [    Test worker] com.awards.service.ImportDataService     : Gravando a linha: 1999;The Blair Witch Project;Artisan Entertainment;Robin Cowie and Gregg Hale;
2022-11-22 21:54:07.735  INFO 33628 --- [    Test worker] com.awards.service.ImportDataService     : Gravando a linha: 1999;The Haunting;DreamWorks;Susan Arthur, Donna Roth and Colin Wilson;
2022-11-22 21:54:07.740  INFO 33628 --- [    Test worker] com.awards.service.ImportDataService     : Gravando a linha: 1999;Star Wars: Episode I – The Phantom Menace;20th Century Fox;Rick McCallum and George Lucas;
2022-11-22 21:54:07.745  INFO 33628 --- [    Test worker] com.awards.service.ImportDataService     : Gravando a linha: 2000;Battlefield Earth;Warner Bros., Franchise Pictures;Jonathan D. Krane, Elie Samaha and John Travolta;yes
2022-11-22 21:54:07.752  INFO 33628 --- [    Test worker] com.awards.service.ImportDataService     : Gravando a linha: 2000;Book of Shadows: Blair Witch 2;Artisan Entertainment;Bill Carraro;
2022-11-22 21:54:07.756  INFO 33628 --- [    Test worker] com.awards.service.ImportDataService     : Gravando a linha: 2000;The Flintstones in Viva Rock Vegas;Universal Studios;Bruce Cohen;
2022-11-22 21:54:07.759  INFO 33628 --- [    Test worker] com.awards.service.ImportDataService     : Gravando a linha: 2000;Little Nicky;New Line Cinema;Jack Giarraputo and Robert Simonds;
2022-11-22 21:54:07.764  INFO 33628 --- [    Test worker] com.awards.service.ImportDataService     : Gravando a linha: 2000;The Next Best Thing;Paramount Pictures;Leslie Dixon, Linne Radmin and Tom Rosenberg;
2022-11-22 21:54:07.770  INFO 33628 --- [    Test worker] com.awards.service.ImportDataService     : Gravando a linha: 2001;Freddy Got Fingered;20th Century Fox;Larry Brezner, Howard Lapides and Lauren Lloyd;yes
2022-11-22 21:54:07.775  INFO 33628 --- [    Test worker] com.awards.service.ImportDataService     : Gravando a linha: 2001;Driven;Warner Bros., Franchise Pictures;Renny Harlin, Elie Samaha and Sylvester Stallone;
2022-11-22 21:54:07.782  INFO 33628 --- [    Test worker] com.awards.service.ImportDataService     : Gravando a linha: 2001;Glitter;20th Century Fox, Columbia Pictures;Laurence Mark and E. Bennett Walsh;
2022-11-22 21:54:07.786  INFO 33628 --- [    Test worker] com.awards.service.ImportDataService     : Gravando a linha: 2001;Pearl Harbor;Touchstone Pictures;Michael Bay and Jerry Bruckheimer;
2022-11-22 21:54:07.789  INFO 33628 --- [    Test worker] com.awards.service.ImportDataService     : Gravando a linha: 2001;3000 Miles to Graceland;Warner Bros., Franchise Pictures;Demian Lichtenstein, Eric Manes, Elie Samaha, Richard Spero and Andrew Stevens;
2022-11-22 21:54:07.798  INFO 33628 --- [    Test worker] com.awards.service.ImportDataService     : Gravando a linha: 2002;Swept Away;Screen Gems;Matthew Vaughn;yes
2022-11-22 21:54:07.802  INFO 33628 --- [    Test worker] com.awards.service.ImportDataService     : Gravando a linha: 2002;The Adventures of Pluto Nash;Warner Bros.;Martin Bregman, Michael Scott Bregman and Louis A. Stroller;
2022-11-22 21:54:07.808  INFO 33628 --- [    Test worker] com.awards.service.ImportDataService     : Gravando a linha: 2002;Crossroads;Paramount Pictures;Ann Carli;
2022-11-22 21:54:07.811  INFO 33628 --- [    Test worker] com.awards.service.ImportDataService     : Gravando a linha: 2002;Pinocchio;Miramax Films;Gianluigi Braschi, Nicoletta Braschi and Elda Ferri;
2022-11-22 21:54:07.817  INFO 33628 --- [    Test worker] com.awards.service.ImportDataService     : Gravando a linha: 2002;Star Wars: Episode II – Attack of the Clones;20th Century Fox;Rick McCallum and George Lucas;
2022-11-22 21:54:07.821  INFO 33628 --- [    Test worker] com.awards.service.ImportDataService     : Gravando a linha: 2003;Gigli;Columbia Pictures, Revolution Studios;Martin Brest and Casey Silver;yes
2022-11-22 21:54:07.827  INFO 33628 --- [    Test worker] com.awards.service.ImportDataService     : Gravando a linha: 2003;The Cat in the Hat;Universal Studios, DreamWorks;Brian Grazer;
2022-11-22 21:54:07.831  INFO 33628 --- [    Test worker] com.awards.service.ImportDataService     : Gravando a linha: 2003;Charlie's Angels: Full Throttle;Columbia Pictures;Drew Barrymore, Leonard Goldberg and Nancy Juvonen;
2022-11-22 21:54:07.835  INFO 33628 --- [    Test worker] com.awards.service.ImportDataService     : Gravando a linha: 2003;From Justin to Kelly;20th Century Fox;John Steven Agoglia;
2022-11-22 21:54:07.838  INFO 33628 --- [    Test worker] com.awards.service.ImportDataService     : Gravando a linha: 2003;The Real Cancun;New Line Cinema;Mary-Ellis Bunim, Jonathan Murray, Jamie Schutz and Rick de Oliveira;
2022-11-22 21:54:07.843  INFO 33628 --- [    Test worker] com.awards.service.ImportDataService     : Gravando a linha: 2004;Catwoman;Warner Bros.;Denise Di Novi and Edward McDonnell;yes
2022-11-22 21:54:07.847  INFO 33628 --- [    Test worker] com.awards.service.ImportDataService     : Gravando a linha: 2004;Alexander;Warner Bros.;Moritz Borman, Jon Kilik, Thomas Schuhly and Iain Smith;
2022-11-22 21:54:07.852  INFO 33628 --- [    Test worker] com.awards.service.ImportDataService     : Gravando a linha: 2004;Superbabies: Baby Geniuses 2;Triumph Films;Steven Paul;
2022-11-22 21:54:07.855  INFO 33628 --- [    Test worker] com.awards.service.ImportDataService     : Gravando a linha: 2004;Surviving Christmas;DreamWorks;Betty Thomas and Jenno Topping;
2022-11-22 21:54:07.859  INFO 33628 --- [    Test worker] com.awards.service.ImportDataService     : Gravando a linha: 2004;White Chicks;Columbia Pictures, Revolution Studios;Rick Alvarez, Lee R. Mayes, Keenen Ivory Wayans, Marlon Wayans and Shawn Wayans;
2022-11-22 21:54:07.866  INFO 33628 --- [    Test worker] com.awards.service.ImportDataService     : Gravando a linha: 2005;Dirty Love;First Look Pictures;John Mallory Asher, BJ Davis, Rod Hamilton, Kimberley Kates, Michael Manasseri, Jenny McCarthy and Trent Walford;yes
2022-11-22 21:54:07.875  INFO 33628 --- [    Test worker] com.awards.service.ImportDataService     : Gravando a linha: 2005;Deuce Bigalow: European Gigolo;Columbia Pictures;Adam Sandler and Rob Schneider;
2022-11-22 21:54:07.878  INFO 33628 --- [    Test worker] com.awards.service.ImportDataService     : Gravando a linha: 2005;The Dukes of Hazzard;Warner Bros., Village Roadshow;Bill Gerber;
2022-11-22 21:54:07.882  INFO 33628 --- [    Test worker] com.awards.service.ImportDataService     : Gravando a linha: 2005;House of Wax;Warner Bros., Village Roadshow;Susan Levin, Joel Silver and Robert Zemeckis;
2022-11-22 21:54:07.890  INFO 33628 --- [    Test worker] com.awards.service.ImportDataService     : Gravando a linha: 2005;Son of the Mask;New Line Cinema;Erica Huggins and Scott Kroopf;
2022-11-22 21:54:07.893  INFO 33628 --- [    Test worker] com.awards.service.ImportDataService     : Gravando a linha: 2006;Basic Instinct 2;MGM, C2 Pictures;Mario Kassar, Joel B. Michaels and Andrew G. Vajna;yes
2022-11-22 21:54:07.896  INFO 33628 --- [    Test worker] com.awards.service.ImportDataService     : Gravando a linha: 2006;BloodRayne;Romar Entertainment;Uwe Boll, Dan Clarke and Wolfgang Herrold;
2022-11-22 21:54:07.901  INFO 33628 --- [    Test worker] com.awards.service.ImportDataService     : Gravando a linha: 2006;Lady in the Water;Warner Bros.;Sam Mercer, Jose L. Rodriguez and M. Night Shyamalan;
2022-11-22 21:54:07.904  INFO 33628 --- [    Test worker] com.awards.service.ImportDataService     : Gravando a linha: 2006;Little Man;Columbia Pictures, Revolution Studios;Rick Alvares, Lee Mays, Marlon Wayans and Shawn Wayans;
2022-11-22 21:54:07.909  INFO 33628 --- [    Test worker] com.awards.service.ImportDataService     : Gravando a linha: 2006;The Wicker Man;Warner Bros.;Nicolas Cage, Randall Emmett, Norm Golightly, Avi Lerner and Joanne Sellar;
2022-11-22 21:54:07.914  INFO 33628 --- [    Test worker] com.awards.service.ImportDataService     : Gravando a linha: 2007;I Know Who Killed Me;TriStar Pictures;David Grace and Frank Mancuso Jr.;
2022-11-22 21:54:07.917  INFO 33628 --- [    Test worker] com.awards.service.ImportDataService     : Gravando a linha: 2007;Bratz;Lionsgate;Avi Arad, Isaac Larian and Steven Paul;
2022-11-22 21:54:07.920  INFO 33628 --- [    Test worker] com.awards.service.ImportDataService     : Gravando a linha: 2007;Daddy Day Camp;TriStar Pictures, Revolution Studios;Matt Berenson, John Davis and Wyck Godfrey;
2022-11-22 21:54:07.924  INFO 33628 --- [    Test worker] com.awards.service.ImportDataService     : Gravando a linha: 2007;I Now Pronounce You Chuck & Larry;Universal Studios;Adam Sandler and Tom Shadyac;
2022-11-22 21:54:07.926  INFO 33628 --- [    Test worker] com.awards.service.ImportDataService     : Gravando a linha: 2007;Norbit;DreamWorks;John Davis, Eddie Murphy and Michael Tollin;
2022-11-22 21:54:07.929  INFO 33628 --- [    Test worker] com.awards.service.ImportDataService     : Gravando a linha: 2008;The Love Guru;Paramount Pictures;Gary Barber, Michael DeLuca and Mike Myers;yes
2022-11-22 21:54:07.932  INFO 33628 --- [    Test worker] com.awards.service.ImportDataService     : Gravando a linha: 2008;Disaster Movie and Meet the Spartans;Lionsgate, 20th Century Fox;Jason Friedberg, Peter Safran and Aaron Seltzer;
2022-11-22 21:54:07.935  INFO 33628 --- [    Test worker] com.awards.service.ImportDataService     : Gravando a linha: 2008;The Happening;20th Century Fox;Barry Mendel, Sam Mercer and M. Night Shyamalan;
2022-11-22 21:54:07.941  INFO 33628 --- [    Test worker] com.awards.service.ImportDataService     : Gravando a linha: 2008;The Hottie & the Nottie;Regent Releasing;Hadeel Reda;
2022-11-22 21:54:07.943  INFO 33628 --- [    Test worker] com.awards.service.ImportDataService     : Gravando a linha: 2008;In the Name of the King;Boll KG, Brightlight Pictures;Uwe Boll, Dan Clarke, Wolfgang Herrold and Shawn Williamson;
2022-11-22 21:54:07.951  INFO 33628 --- [    Test worker] com.awards.service.ImportDataService     : Gravando a linha: 2009;Transformers: Revenge of the Fallen;Paramount Pictures, DreamWorks, Hasbro;Lorenzo di Bonaventura, Ian Bryce, Tom DeSanto and Don Murphy;yes
2022-11-22 21:54:07.963  INFO 33628 --- [    Test worker] com.awards.service.ImportDataService     : Gravando a linha: 2009;All About Steve;20th Century Fox;Sandra Bullock and Mary McLaglen;
2022-11-22 21:54:07.973  INFO 33628 --- [    Test worker] com.awards.service.ImportDataService     : Gravando a linha: 2009;G.I. Joe: The Rise of Cobra;Paramount Pictures, Hasbro;Lorenzo di Bonaventura, Bob Ducsay and Brian Goldner;
2022-11-22 21:54:07.978  INFO 33628 --- [    Test worker] com.awards.service.ImportDataService     : Gravando a linha: 2009;Land of the Lost;Universal Studios;Sid and Marty Krofft and Jimmy Miller;
2022-11-22 21:54:07.981  INFO 33628 --- [    Test worker] com.awards.service.ImportDataService     : Gravando a linha: 2009;Old Dogs;Walt Disney Pictures;Peter Abrams, Robert Levy and Andrew Panay;
2022-11-22 21:54:07.986  INFO 33628 --- [    Test worker] com.awards.service.ImportDataService     : Gravando a linha: 2010;The Last Airbender;Paramount Pictures, Nickelodeon Movies;Frank Marshall, Kathleen Kennedy, Sam Mercer and M. Night Shyamalan;yes
2022-11-22 21:54:07.990  INFO 33628 --- [    Test worker] com.awards.service.ImportDataService     : Gravando a linha: 2010;The Bounty Hunter;Columbia Pictures;Neal H. Moritz;
2022-11-22 21:54:07.993  INFO 33628 --- [    Test worker] com.awards.service.ImportDataService     : Gravando a linha: 2010;Sex and the City 2;New Line Cinema, HBO Films, Village Roadshow Pictures;Michael Patrick King, John Melfi, Sarah Jessica Parker and Darren Star;
2022-11-22 21:54:07.999  INFO 33628 --- [    Test worker] com.awards.service.ImportDataService     : Gravando a linha: 2010;The Twilight Saga: Eclipse;Summit Entertainment;Wyck Godfrey and Karen Rosenfelt;
2022-11-22 21:54:08.001  INFO 33628 --- [    Test worker] com.awards.service.ImportDataService     : Gravando a linha: 2010;Vampires Suck;20th Century Fox;Jason Friedberg, Peter Safran and Aaron Seltzer;
2022-11-22 21:54:08.005  INFO 33628 --- [    Test worker] com.awards.service.ImportDataService     : Gravando a linha: 2011;Jack and Jill;Columbia Pictures;Todd Garner, Jack Giarraputo and Adam Sandler;yes
2022-11-22 21:54:08.008  INFO 33628 --- [    Test worker] com.awards.service.ImportDataService     : Gravando a linha: 2011;Bucky Larson: Born to Be a Star;Columbia Pictures;Barry Bernardi, Allen Covert, David Dorfman and Jack Giarraputo;
2022-11-22 21:54:08.011  INFO 33628 --- [    Test worker] com.awards.service.ImportDataService     : Gravando a linha: 2011;New Year's Eve;Warner Bros., New Line Cinema;Mike Karz, Garry Marshall and Wayne Allan Rice;
2022-11-22 21:54:08.014  INFO 33628 --- [    Test worker] com.awards.service.ImportDataService     : Gravando a linha: 2011;Transformers: Dark of the Moon;Paramount Pictures;Lorenzo di Bonaventura, Ian Bryce, Tom DeSanto and Don Murphy;
2022-11-22 21:54:08.018  INFO 33628 --- [    Test worker] com.awards.service.ImportDataService     : Gravando a linha: 2011;The Twilight Saga: Breaking Dawn – Part 1;Summit Entertainment;Wyck Godfrey, Stephenie Meyer and Karen Rosenfelt;
2022-11-22 21:54:08.021  INFO 33628 --- [    Test worker] com.awards.service.ImportDataService     : Gravando a linha: 2012;The Twilight Saga: Breaking Dawn – Part 2;Summit Entertainment;Wyck Godfrey, Stephenie Meyer and Karen Rosenfelt;yes
2022-11-22 21:54:08.024  INFO 33628 --- [    Test worker] com.awards.service.ImportDataService     : Gravando a linha: 2012;Battleship;Universal Studios;Sarah Aubrey, Peter Berg, Brian Goldner, Duncan Henderson, Bennett Schneir and Scott Stuber;
2022-11-22 21:54:08.029  INFO 33628 --- [    Test worker] com.awards.service.ImportDataService     : Gravando a linha: 2012;The Oogieloves in the Big Balloon Adventure;Lionsgate Films, Romar Entertainment, Kenn Viselman Presents;Gayle Dickie, Kenn Viselman;
2022-11-22 21:54:08.036  INFO 33628 --- [    Test worker] com.awards.service.ImportDataService     : Gravando a linha: 2012;That's My Boy;Columbia Pictures;Allen Covert, Jack Giarraputo, Heather Parry and Adam Sandler;
2022-11-22 21:54:08.041  INFO 33628 --- [    Test worker] com.awards.service.ImportDataService     : Gravando a linha: 2012;A Thousand Words;Paramount Pictures, DreamWorks;Nicolas Cage, Alain Chabat, Stephanie Danan, Norman Golightly, Brian Robbinsand Sharla Sumpter Bridgett;
2022-11-22 21:54:08.048  INFO 33628 --- [    Test worker] com.awards.service.ImportDataService     : Gravando a linha: 2013;Movie 43;Relativity Media;Peter Farrelly, Ryan Kavanaugh, John Penotti and Charles B. Wessler;yes
2022-11-22 21:54:08.052  INFO 33628 --- [    Test worker] com.awards.service.ImportDataService     : Gravando a linha: 2013;After Earth;Columbia Pictures;James Lassiter, Caleeb Pinkett, Jada Pinkett Smith, M. Night Shyamalan, Will Smith and Jaden Smith;
2022-11-22 21:54:08.059  INFO 33628 --- [    Test worker] com.awards.service.ImportDataService     : Gravando a linha: 2013;Grown Ups 2;Columbia Pictures;Jack Giarraputo and Adam Sandler;
2022-11-22 21:54:08.062  INFO 33628 --- [    Test worker] com.awards.service.ImportDataService     : Gravando a linha: 2013;The Lone Ranger;Walt Disney Pictures;Jerry Bruckheimer and Gore Verbinski;
2022-11-22 21:54:08.067  INFO 33628 --- [    Test worker] com.awards.service.ImportDataService     : Gravando a linha: 2013;A Madea Christmas;Lionsgate;Ozzie Areu, Matt Moore and Tyler Perry;
2022-11-22 21:54:08.070  INFO 33628 --- [    Test worker] com.awards.service.ImportDataService     : Gravando a linha: 2014;Saving Christmas;Samuel Goldwyn Films;Darren Doane, Raphi Henley, Amanda Rosser and David Shannon;yes
2022-11-22 21:54:08.076  INFO 33628 --- [    Test worker] com.awards.service.ImportDataService     : Gravando a linha: 2014;Left Behind;Freestyle Releasing, Entertainment One;Michael Walker and Paul LaLonde;
2022-11-22 21:54:08.079  INFO 33628 --- [    Test worker] com.awards.service.ImportDataService     : Gravando a linha: 2014;The Legend of Hercules;Summit Entertainment;Boaz Davidson, Renny Harlin, Danny Lerner and Les Weldon;
2022-11-22 21:54:08.084  INFO 33628 --- [    Test worker] com.awards.service.ImportDataService     : Gravando a linha: 2014;Teenage Mutant Ninja Turtles;Paramount Pictures, Nickelodeon Movies, Platinum Dunes;Michael Bay, Ian Bryce, Andrew Form, Bradley Fuller, Scott Mednick and Galen Walker;
2022-11-22 21:54:08.089  INFO 33628 --- [    Test worker] com.awards.service.ImportDataService     : Gravando a linha: 2014;Transformers: Age of Extinction;Paramount Pictures;Ian Bryce, Tom DeSanto, Lorenzo di Bonaventura and Don Murphy;
2022-11-22 21:54:08.093  INFO 33628 --- [    Test worker] com.awards.service.ImportDataService     : Gravando a linha: 2015;Fantastic Four;20th Century Fox;Simon Kinberg, Matthew Vaughn, Hutch Parker, Robert Kulzer and Gregory Goodman;yes
2022-11-22 21:54:08.099  INFO 33628 --- [    Test worker] com.awards.service.ImportDataService     : Gravando a linha: 2015;Fifty Shades of Grey;Universal Pictures, Focus Features;Michael De Luca, Dana Brunetti and E. L. James;yes
2022-11-22 21:54:08.105  INFO 33628 --- [    Test worker] com.awards.service.ImportDataService     : Gravando a linha: 2015;Jupiter Ascending;Warner Bros.;Grant Hill and The Wachowskis;
2022-11-22 21:54:08.107  INFO 33628 --- [    Test worker] com.awards.service.ImportDataService     : Gravando a linha: 2015;Paul Blart: Mall Cop 2;Columbia Pictures;Todd Garner, Kevin James and Adam Sandler;
2022-11-22 21:54:08.110  INFO 33628 --- [    Test worker] com.awards.service.ImportDataService     : Gravando a linha: 2015;Pixels;Columbia Pictures;Adam Sandler, Chris Columbus, Mark Radcliffe and Allen Covert;
2022-11-22 21:54:08.115  INFO 33628 --- [    Test worker] com.awards.service.ImportDataService     : Gravando a linha: 2016;Hillary's America: The Secret History of the Democratic Party;Quality Flix;Gerald R. Molen;yes
2022-11-22 21:54:08.117  INFO 33628 --- [    Test worker] com.awards.service.ImportDataService     : Gravando a linha: 2016;Batman v Superman: Dawn of Justice;Warner Bros.;Charles Roven and Deborah Snyder;
2022-11-22 21:54:08.118  INFO 33628 --- [    Test worker] com.awards.service.ImportDataService     : Gravando a linha: 2016;Dirty Grandpa;Lionsgate;Bill Block, Michael Simkin, Jason Barrett and Barry Josephson;
2022-11-22 21:54:08.121  INFO 33628 --- [    Test worker] com.awards.service.ImportDataService     : Gravando a linha: 2016;Gods of Egypt;Summit Entertainment;Basil Iwanyk and Alex Proyas;
2022-11-22 21:54:08.124  INFO 33628 --- [    Test worker] com.awards.service.ImportDataService     : Gravando a linha: 2016;Independence Day: Resurgence;20th Century Fox;Dean Devlin, Harald Kloser and Roland Emmerich;
2022-11-22 21:54:08.128  INFO 33628 --- [    Test worker] com.awards.service.ImportDataService     : Gravando a linha: 2016;Zoolander 2;Paramount Pictures;Stuart Cornfeld, Scott Rudin, Ben Stiller and Clayton Townsend;
2022-11-22 21:54:08.133  INFO 33628 --- [    Test worker] com.awards.service.ImportDataService     : Gravando a linha: 2017;The Emoji Movie;Columbia Pictures;Michelle Raimo Kouyate;yes
2022-11-22 21:54:08.136  INFO 33628 --- [    Test worker] com.awards.service.ImportDataService     : Gravando a linha: 2017;Baywatch;Paramount Pictures;Ivan Reitman, Michael Berk, Douglas Schwartz, Gregory J. Bonann and Beau Flynn;
2022-11-22 21:54:08.141  INFO 33628 --- [    Test worker] com.awards.service.ImportDataService     : Gravando a linha: 2017;Fifty Shades Darker;Universal Pictures;Michael De Luca, E. L. James, Dana Brunetti and Marcus Viscidi;
2022-11-22 21:54:08.145  INFO 33628 --- [    Test worker] com.awards.service.ImportDataService     : Gravando a linha: 2017;The Mummy;Universal Pictures;Alex Kurtzman, Chris Morgan, Sean Daniel and Sarah Bradshaw;
2022-11-22 21:54:08.148  INFO 33628 --- [    Test worker] com.awards.service.ImportDataService     : Gravando a linha: 2017;Transformers: The Last Knight;Paramount Pictures;Don Murphy, Tom DeSanto, Lorenzo di Bonaventura and Ian Bryce;
2022-11-22 21:54:08.152  INFO 33628 --- [    Test worker] com.awards.service.ImportDataService     : Gravando a linha: 2018;Holmes & Watson;Columbia Pictures;Will Ferrell, Adam McKay, Jimmy Miller and Clayton Townsend;yes
2022-11-22 21:54:08.155  INFO 33628 --- [    Test worker] com.awards.service.ImportDataService     : Gravando a linha: 2018;Gotti;Vertical Entertainment;Randall Emmett, Marc Fiore, Michael Froch and George Furla;
2022-11-22 21:54:08.161  INFO 33628 --- [    Test worker] com.awards.service.ImportDataService     : Gravando a linha: 2018;The Happytime Murders;STX;Ben Falcone, Jeffrey Hayes, Brian Henson and Melissa McCarthy;
2022-11-22 21:54:08.166  INFO 33628 --- [    Test worker] com.awards.service.ImportDataService     : Gravando a linha: 2018;Robin Hood;Summit Entertainment;Jennifer Davisson and Leonardo DiCaprio;
2022-11-22 21:54:08.167  INFO 33628 --- [    Test worker] com.awards.service.ImportDataService     : Gravando a linha: 2018;Winchester;Lionsgate;Tim McGahan and Brett Tomberlin;
2022-11-22 21:54:08.171  INFO 33628 --- [    Test worker] com.awards.service.ImportDataService     : Gravando a linha: 2019;Cats;Universal Pictures;Debra Hayward, Tim Bevan, Eric Fellner, and Tom Hooper;yes
2022-11-22 21:54:08.176  INFO 33628 --- [    Test worker] com.awards.service.ImportDataService     : Gravando a linha: 2019;The Fanatic;Quiver Distribution;Daniel Grodnik, Oscar Generale, and Bill Kenwright;
2022-11-22 21:54:08.181  INFO 33628 --- [    Test worker] com.awards.service.ImportDataService     : Gravando a linha: 2019;The Haunting of Sharon Tate;Saban Films;Lucas Jarach, Daniel Farrands, and Eric Brenner;
2022-11-22 21:54:08.184  INFO 33628 --- [    Test worker] com.awards.service.ImportDataService     : Gravando a linha: 2019;A Madea Family Funeral;Lionsgate;Ozzie Areu, Will Areu, and Mark E. Swinton;
2022-11-22 21:54:08.187  INFO 33628 --- [    Test worker] com.awards.service.ImportDataService     : Gravando a linha: 2019;Rambo: Last Blood;Lionsgate;Avi Lerner, Kevin King Templeton, Yariv Lerner, and Les Weldon;
2022-11-22 21:54:08.193  INFO 33628 --- [    Test worker] com.awards.service.ImportDataService     : Importação de filmes finalizados. Total de filmes: 206
2022-11-22 21:54:08.477  WARN 33628 --- [    Test worker] JpaBaseConfiguration$JpaWebConfiguration : spring.jpa.open-in-view is enabled by default. Therefore, database queries may be performed during view rendering. Explicitly configure spring.jpa.open-in-view to disable this warning
2022-11-22 21:54:08.878  INFO 33628 --- [    Test worker] o.s.b.a.h2.H2ConsoleAutoConfiguration    : H2 console available at '/h2-console'. Database available at 'jdbc:h2:mem:test'
2022-11-22 21:54:09.411  INFO 33628 --- [    Test worker] c.awards.GoldenRaspberryAwardsFileTests  : Started GoldenRaspberryAwardsFileTests in 7.26 seconds (JVM running for 8.788)
2022-11-22 21:54:09.670  INFO 33628 --- [    Test worker] o.s.b.t.m.w.SpringBootMockServletContext : Initializing Spring TestDispatcherServlet ''
2022-11-22 21:54:09.670  INFO 33628 --- [    Test worker] o.s.t.web.servlet.TestDispatcherServlet  : Initializing Servlet ''
2022-11-22 21:54:09.671  INFO 33628 --- [    Test worker] o.s.t.web.servlet.TestDispatcherServlet  : Completed initialization in 1 ms
]]></system-out>
  <system-err><![CDATA[]]></system-err>
</testsuite>
